<?xml version="1.0" encoding="UTF-8"?>
<testsuite xmlns:xsi="http://www.w3.org/2001/XMLSchema-instance" xsi:noNamespaceSchemaLocation="https://maven.apache.org/surefire/maven-surefire-plugin/xsd/surefire-test-report.xsd" name="com.testing.sample.SampleUnitTest" time="0.334" tests="4" errors="0" skipped="0" failures="0">
  <properties>
[...]
</properties>
  <testcase name="testAdd" classname="com.testing.sample.SampleUnitTest" time="0.083"/>
  <testcase name="testadd1" classname="com.testing.sample.SampleUnitTest" time="0.001"/>
  <testcase name="testadd2" classname="com.testing.sample.SampleUnitTest" time="0.001"/>
  <testcase name="testadd3" classname="com.testing.sample.SampleUnitTest" time="0"/>
</testsuite>